Arguments: 
  /usr/local/Cellar/node@14/14.18.1/bin/node /usr/local/bin/yarn install

PATH: 
  /usr/local/opt/node@14/bin:/usr/local/bin:/usr/bin:/bin:/usr/sbin:/sbin:/Library/Apple/usr/bin:/usr/local/mysql/bin

Yarn version: 
  1.22.17

Node version: 
  14.18.1

Platform: 
  darwin x64

Trace: 
  Error: connect EPERM 192.168.32.7:443 - Local (0.0.0.0:0)
      at internalConnect (net.js:934:16)
      at defaultTriggerAsyncIdScope (internal/async_hooks.js:452:18)
      at emitLookup (net.js:1077:9)
      at /usr/local/lib/node_modules/yarn/lib/cli.js:107677:29
      at /usr/local/lib/node_modules/yarn/lib/cli.js:107523:25
      at RawTask.module.exports.RawTask.call (/usr/local/lib/node_modules/yarn/lib/cli.js:83655:19)
      at flush (/usr/local/lib/node_modules/yarn/lib/cli.js:83737:29)
      at processTicksAndRejections (internal/process/task_queues.js:77:11)

npm manifest: 
  {
    "name": "taro-h5-test",
    "version": "1.0.0",
    "private": true,
    "description": "",
    "templateInfo": {
      "name": "default",
      "typescript": false,
      "css": "less"
    },
    "scripts": {
      "build:weapp": "taro build --type weapp",
      "build:swan": "taro build --type swan",
      "build:alipay": "taro build --type alipay",
      "build:tt": "taro build --type tt",
      "build:h5": "taro build --type h5",
      "build:rn": "taro build --type rn",
      "build:qq": "taro build --type qq",
      "build:jd": "taro build --type jd",
      "build:quickapp": "taro build --type quickapp",
      "dev:weapp": "npm run build:weapp -- --watch",
      "dev:swan": "npm run build:swan -- --watch",
      "dev:alipay": "npm run build:alipay -- --watch",
      "dev:tt": "npm run build:tt -- --watch",
      "dev:h5": "npm run build:h5 -- --watch",
      "dev:rn": "npm run build:rn -- --watch",
      "dev:qq": "npm run build:qq -- --watch",
      "dev:jd": "npm run build:jd -- --watch",
      "dev:quickapp": "npm run build:quickapp -- --watch"
    },
    "browserslist": [
      "last 3 versions",
      "Android >= 4.1",
      "ios >= 8"
    ],
    "author": "",
    "dependencies": {
      "@babel/runtime": "^7.7.7",
      "@tarojs/components": "3.4.3",
      "@tarojs/runtime": "3.4.3",
      "@tarojs/taro": "3.4.3",
      "@tarojs/plugin-framework-react": "3.4.3",
      "@tarojs/react": "3.4.3",
      "react-dom": "^17.0.0",
      "react": "^17.0.0"
    },
    "devDependencies": {
      "@types/webpack-env": "^1.13.6",
      "@types/react": "^17.0.2",
      "@tarojs/mini-runner": "3.4.3",
      "@babel/core": "^7.8.0",
      "@tarojs/webpack-runner": "3.4.3",
      "babel-preset-taro": "3.4.3",
      "eslint-config-taro": "3.4.3",
      "eslint": "^6.8.0",
      "eslint-plugin-react": "^7.8.2",
      "eslint-plugin-import": "^2.12.0",
      "eslint-plugin-react-hooks": "^4.2.0",
      "stylelint": "^14.4.0"
    }
  }

yarn manifest: 
  No manifest

Lockfile: 
  No lockfile
